[2022-03-20T14:38:11] pid=6281; level="INFO"; name="ytToLocal"; function="<module>"; line="42"; message="ytToLocal.py stated";
[2022-03-20T14:39:41] pid=6349; level="INFO"; name="ytToLocal"; function="<module>"; line="42"; message="ytToLocal.py stated";
[2022-03-20T14:40:03] pid=6360; level="INFO"; name="ytToLocal"; function="<module>"; line="42"; message="ytToLocal.py stated";
[2022-03-20T14:40:03] pid=6360; level="INFO"; name="ytToLocal"; function="<module>"; line="164"; message="Gathering videos fromchannel";
[2022-03-20T14:40:34] pid=6451; level="INFO"; name="ytToLocal"; function="<module>"; line="42"; message="ytToLocal.py stated";
[2022-03-20T14:40:34] pid=6451; level="INFO"; name="ytToLocal"; function="<module>"; line="164"; message="Gathering videos fromchannel";
[2022-03-20T14:43:36] pid=6582; level="INFO"; name="ytToLocal"; function="<module>"; line="42"; message="ytToLocal.py stated";
[2022-03-20T14:43:36] pid=6582; level="INFO"; name="ytToLocal"; function="<module>"; line="164"; message="Gathering videos fromchannel";
[2022-03-20T14:48:02] pid=6685; level="INFO"; name="ytToLocal"; function="<module>"; line="42"; message="ytToLocal.py stated";
[2022-03-20T14:48:02] pid=6685; level="INFO"; name="ytToLocal"; function="<module>"; line="165"; message="Gathering videos fromchannel";
[2022-03-20T14:48:26] pid=6701; level="INFO"; name="ytToLocal"; function="<module>"; line="42"; message="ytToLocal.py stated";
[2022-03-20T14:48:26] pid=6701; level="INFO"; name="ytToLocal"; function="<module>"; line="165"; message="Gathering videos fromchannel";
[2022-03-20T14:48:41] pid=6717; level="INFO"; name="ytToLocal"; function="<module>"; line="42"; message="ytToLocal.py stated";
[2022-03-20T14:48:41] pid=6717; level="INFO"; name="ytToLocal"; function="<module>"; line="165"; message="Gathering videos fromchannel";
[2022-03-20T14:49:41] pid=6872; level="INFO"; name="ytToLocal"; function="<module>"; line="42"; message="ytToLocal.py stated";
[2022-03-20T14:49:41] pid=6872; level="INFO"; name="ytToLocal"; function="<module>"; line="165"; message="Gathering videos from channel";
[2022-03-20T14:49:49] pid=6872; level="INFO"; name="ytToLocal"; function="downloadVideo"; line="65"; message="Video JPEGMAFIA - REBOUND! (ft. DATPIFFMAFIA) [AUDIO]mp3 succesfully download";
[2022-03-20T14:49:49] pid=6872; level="INFO"; name="ytToLocal"; function="<module>"; line="185"; message="Review downloaded files at media/audio";
[2022-03-20T14:49:49] pid=6872; level="INFO"; name="ytToLocal"; function="<module>"; line="190"; message="ytToLocal.py finished";
[2022-03-20T14:51:20] pid=6918; level="INFO"; name="ytToLocal"; function="<module>"; line="42"; message="ytToLocal.py stated";
[2022-03-20T14:51:20] pid=6918; level="INFO"; name="ytToLocal"; function="<module>"; line="166"; message="Gathering videos from channel";
[2022-03-20T14:51:28] pid=6918; level="INFO"; name="ytToLocal"; function="downloadVideo"; line="65"; message="Video JPEGMAFIA - REBOUND! (ft. DATPIFFMAFIA) [AUDIO]mp3 succesfully download";
[2022-03-20T14:51:28] pid=6918; level="INFO"; name="ytToLocal"; function="<module>"; line="186"; message="Review downloaded files at media/audio";
[2022-03-20T14:51:28] pid=6918; level="INFO"; name="ytToLocal"; function="<module>"; line="191"; message="ytToLocal.py finished";
[2022-03-20T14:51:50] pid=6931; level="INFO"; name="ytToLocal"; function="<module>"; line="42"; message="ytToLocal.py stated";
[2022-03-20T14:51:50] pid=6931; level="INFO"; name="ytToLocal"; function="<module>"; line="166"; message="Gathering videos from channel";
[2022-03-20T14:51:58] pid=6931; level="INFO"; name="ytToLocal"; function="downloadVideo"; line="65"; message="Video JPEGMAFIA - REBOUND! (ft. DATPIFFMAFIA) [AUDIO]mp3 succesfully download";
[2022-03-20T14:52:01] pid=6931; level="INFO"; name="ytToLocal"; function="downloadVideo"; line="65"; message="Video JPEGMAFIA - 🔥 (AUDIO)mp3 succesfully download";
[2022-03-20T14:52:04] pid=6931; level="INFO"; name="ytToLocal"; function="downloadVideo"; line="65"; message="Video JPEGMAFIA - BMT! (AUDIO)mp3 succesfully download";
[2022-03-20T14:52:04] pid=6931; level="INFO"; name="ytToLocal"; function="<module>"; line="186"; message="Review downloaded files at media/audio";
[2022-03-20T14:52:04] pid=6931; level="INFO"; name="ytToLocal"; function="<module>"; line="191"; message="ytToLocal.py finished";
[2022-03-20T15:08:37] pid=7575; level="INFO"; name="ytToLocal"; function="<module>"; line="42"; message="ytToLocal.py stated";
